2019-10-14 17:31:37,595 [Worker-1: Loading available Gradle versions] INFO  o.e.b.c.i.u.g.PublishedGradleVersions - Gradle version information cache is up-to-date. Trying to read.
2019-10-14 17:32:52,448 [Worker-1: Updating Maven Dependencies] INFO  o.e.m.c.i.l.LifecycleMappingFactory - Using org.eclipse.m2e.jdt.JarLifecycleMapping lifecycle mapping for MavenProject: com.annotation:Annotation:0.0.1-SNAPSHOT @ /home/admin141/FellowshipProgram/All-Program/Annotation/pom.xml.
2019-10-14 17:32:52,448 [Worker-3: Building workspace] INFO  o.e.m.c.i.l.LifecycleMappingFactory - Using org.eclipse.m2e.jdt.JarLifecycleMapping lifecycle mapping for MavenProject: com.annotation:Annotation:0.0.1-SNAPSHOT @ /home/admin141/FellowshipProgram/All-Program/Annotation/pom.xml.
2019-10-14 17:32:54,449 [Worker-3: Building workspace] INFO  o.e.m.c.i.embedder.EclipseLogger - Using 'UTF-8' encoding to copy filtered resources.
2019-10-14 17:32:54,449 [Worker-3: Building workspace] INFO  o.e.m.c.i.embedder.EclipseLogger - skip non existing resourceDirectory /home/admin141/FellowshipProgram/All-Program/Annotation/src/main/resources
2019-10-14 17:32:54,451 [Worker-3: Building workspace] INFO  o.e.m.c.i.embedder.EclipseLogger - Using 'UTF-8' encoding to copy filtered resources.
2019-10-14 17:32:54,451 [Worker-3: Building workspace] INFO  o.e.m.c.i.embedder.EclipseLogger - skip non existing resourceDirectory /home/admin141/FellowshipProgram/All-Program/Annotation/src/test/resources
2019-10-14 17:32:55,858 [Worker-3: Updating Maven Dependencies] INFO  o.e.m.c.i.l.LifecycleMappingFactory - Using org.eclipse.m2e.jdt.JarLifecycleMapping lifecycle mapping for MavenProject: com.annotation:Annotation:0.0.1-SNAPSHOT @ /home/admin141/FellowshipProgram/All-Program/Annotation/pom.xml.
2019-10-14 17:32:55,941 [Worker-6: Building workspace] INFO  o.e.m.c.i.embedder.EclipseLogger - Using 'UTF-8' encoding to copy filtered resources.
2019-10-14 17:32:55,941 [Worker-6: Building workspace] INFO  o.e.m.c.i.embedder.EclipseLogger - skip non existing resourceDirectory /home/admin141/FellowshipProgram/All-Program/Annotation/src/main/resources
2019-10-14 17:32:55,943 [Worker-6: Building workspace] INFO  o.e.m.c.i.embedder.EclipseLogger - Using 'UTF-8' encoding to copy filtered resources.
2019-10-14 17:32:55,943 [Worker-6: Building workspace] INFO  o.e.m.c.i.embedder.EclipseLogger - skip non existing resourceDirectory /home/admin141/FellowshipProgram/All-Program/Annotation/src/test/resources
2019-10-14 17:32:57,153 [Worker-4: Building workspace] INFO  o.e.m.c.i.embedder.EclipseLogger - Using 'UTF-8' encoding to copy filtered resources.
2019-10-14 17:32:57,154 [Worker-4: Building workspace] INFO  o.e.m.c.i.embedder.EclipseLogger - skip non existing resourceDirectory /home/admin141/FellowshipProgram/All-Program/Annotation/src/main/resources
2019-10-14 17:32:57,154 [Worker-4: Building workspace] INFO  o.e.m.c.i.embedder.EclipseLogger - Using 'UTF-8' encoding to copy filtered resources.
2019-10-14 17:32:57,154 [Worker-4: Building workspace] INFO  o.e.m.c.i.embedder.EclipseLogger - skip non existing resourceDirectory /home/admin141/FellowshipProgram/All-Program/Annotation/src/test/resources
2019-10-14 17:33:04,331 [Worker-8: Building workspace] INFO  o.e.m.c.i.embedder.EclipseLogger - Using 'UTF-8' encoding to copy filtered resources.
2019-10-14 17:33:04,331 [Worker-8: Building workspace] INFO  o.e.m.c.i.embedder.EclipseLogger - skip non existing resourceDirectory /home/admin141/FellowshipProgram/All-Program/Annotation/src/main/resources
2019-10-14 17:33:04,332 [Worker-8: Building workspace] INFO  o.e.m.c.i.embedder.EclipseLogger - Using 'UTF-8' encoding to copy filtered resources.
2019-10-14 17:33:04,332 [Worker-8: Building workspace] INFO  o.e.m.c.i.embedder.EclipseLogger - skip non existing resourceDirectory /home/admin141/FellowshipProgram/All-Program/Annotation/src/test/resources
2019-10-14 17:34:27,364 [Worker-12: Building workspace] INFO  o.e.m.c.i.l.LifecycleMappingFactory - Using org.eclipse.m2e.jdt.JarLifecycleMapping lifecycle mapping for MavenProject: com.brigedlabz.spring:FristSpring:0.0.1-SNAPSHOT @ /home/admin141/FellowshipProgram/All-Program/Spring-framework/pom.xml.
2019-10-14 17:34:27,805 [Worker-12: Building workspace] INFO  o.e.m.c.i.embedder.EclipseLogger - Using 'UTF-8' encoding to copy filtered resources.
2019-10-14 17:34:27,805 [Worker-12: Building workspace] INFO  o.e.m.c.i.embedder.EclipseLogger - skip non existing resourceDirectory /home/admin141/FellowshipProgram/All-Program/Spring-framework/src/main/resources
2019-10-14 17:34:27,806 [Worker-12: Building workspace] INFO  o.e.m.c.i.embedder.EclipseLogger - Using 'UTF-8' encoding to copy filtered resources.
2019-10-14 17:34:27,806 [Worker-12: Building workspace] INFO  o.e.m.c.i.embedder.EclipseLogger - skip non existing resourceDirectory /home/admin141/FellowshipProgram/All-Program/Spring-framework/src/test/resources
2019-10-14 17:34:28,798 [Worker-1: Updating Maven Dependencies] INFO  o.e.m.c.i.l.LifecycleMappingFactory - Using org.eclipse.m2e.jdt.JarLifecycleMapping lifecycle mapping for MavenProject: com.brigedlabz.spring:FristSpring:0.0.1-SNAPSHOT @ /home/admin141/FellowshipProgram/All-Program/Spring-framework/pom.xml.
2019-10-14 17:34:29,205 [Worker-8: Building workspace] INFO  o.e.m.c.i.embedder.EclipseLogger - Using 'UTF-8' encoding to copy filtered resources.
2019-10-14 17:34:29,205 [Worker-8: Building workspace] INFO  o.e.m.c.i.embedder.EclipseLogger - skip non existing resourceDirectory /home/admin141/FellowshipProgram/All-Program/Spring-framework/src/main/resources
2019-10-14 17:34:29,206 [Worker-8: Building workspace] INFO  o.e.m.c.i.embedder.EclipseLogger - Using 'UTF-8' encoding to copy filtered resources.
2019-10-14 17:34:29,206 [Worker-8: Building workspace] INFO  o.e.m.c.i.embedder.EclipseLogger - skip non existing resourceDirectory /home/admin141/FellowshipProgram/All-Program/Spring-framework/src/test/resources
2019-10-14 18:10:13,678 [Worker-17: Building workspace] INFO  o.e.m.c.i.embedder.EclipseLogger - Using 'UTF-8' encoding to copy filtered resources.
2019-10-14 18:10:13,679 [Worker-17: Building workspace] INFO  o.e.m.c.i.embedder.EclipseLogger - skip non existing resourceDirectory /home/admin141/FellowshipProgram/All-Program/Spring-framework/src/main/resources
2019-10-14 18:10:13,679 [Worker-17: Building workspace] INFO  o.e.m.c.i.embedder.EclipseLogger - Using 'UTF-8' encoding to copy filtered resources.
2019-10-14 18:10:13,679 [Worker-17: Building workspace] INFO  o.e.m.c.i.embedder.EclipseLogger - skip non existing resourceDirectory /home/admin141/FellowshipProgram/All-Program/Spring-framework/src/test/resources
2019-10-14 18:10:36,299 [Worker-19: Building workspace] INFO  o.e.m.c.i.embedder.EclipseLogger - Using 'UTF-8' encoding to copy filtered resources.
2019-10-14 18:10:36,299 [Worker-19: Building workspace] INFO  o.e.m.c.i.embedder.EclipseLogger - skip non existing resourceDirectory /home/admin141/FellowshipProgram/All-Program/Annotation/src/main/resources
2019-10-14 18:10:36,300 [Worker-19: Building workspace] INFO  o.e.m.c.i.embedder.EclipseLogger - Using 'UTF-8' encoding to copy filtered resources.
2019-10-14 18:10:36,300 [Worker-19: Building workspace] INFO  o.e.m.c.i.embedder.EclipseLogger - skip non existing resourceDirectory /home/admin141/FellowshipProgram/All-Program/Annotation/src/test/resources
2019-10-14 18:10:38,741 [Worker-17: Building workspace] INFO  o.e.m.c.i.embedder.EclipseLogger - Using 'UTF-8' encoding to copy filtered resources.
2019-10-14 18:10:38,741 [Worker-17: Building workspace] INFO  o.e.m.c.i.embedder.EclipseLogger - skip non existing resourceDirectory /home/admin141/FellowshipProgram/All-Program/Annotation/src/main/resources
2019-10-14 18:10:38,743 [Worker-17: Building workspace] INFO  o.e.m.c.i.embedder.EclipseLogger - Using 'UTF-8' encoding to copy filtered resources.
2019-10-14 18:10:38,743 [Worker-17: Building workspace] INFO  o.e.m.c.i.embedder.EclipseLogger - skip non existing resourceDirectory /home/admin141/FellowshipProgram/All-Program/Annotation/src/test/resources
